<?xml version="1.0" encoding="UTF-8"?>
<testsuite xmlns:xsi="http://www.w3.org/2001/XMLSchema-instance" xsi:noNamespaceSchemaLocation="https://maven.apache.org/surefire/maven-surefire-plugin/xsd/surefire-test-report.xsd" name="FooServiceTests" time="0.053" tests="2" errors="0" skipped="0" failures="1">
  <properties>
    <property name="sun.desktop" value="windows"/>
    <property name="awt.toolkit" value="sun.awt.windows.WToolkit"/>
    <property name="file.encoding.pkg" value="sun.io"/>
    <property name="java.specification.version" value="1.8"/>
    <property name="sun.cpu.isalist" value="amd64"/>
    <property name="sun.jnu.encoding" value="Cp1252"/>
    <property name="java.class.path" value="E:\GitHub\quaratineTests\target\test-classes;E:\GitHub\quaratineTests\target\classes;C:\Windows\system32\config\systemprofile\.m2\repository\junit\junit\4.12\junit-4.12.jar;C:\Windows\system32\config\systemprofile\.m2\repository\org\hamcrest\hamcrest-core\1.3\hamcrest-core-1.3.jar;"/>
    <property name="java.vm.vendor" value="Oracle Corporation"/>
    <property name="sun.arch.data.model" value="64"/>
    <property name="user.variant" value=""/>
    <property name="java.vendor.url" value="http://java.oracle.com/"/>
    <property name="user.timezone" value="America/New_York"/>
    <property name="java.vm.specification.version" value="1.8"/>
    <property name="os.name" value="Windows 10"/>
    <property name="user.country" value="CA"/>
    <property name="sun.java.launcher" value="SUN_STANDARD"/>
    <property name="sun.boot.library.path" value="C:\JavaTools\jdk1.8.0_92_64bit\jre\bin"/>
    <property name="sun.java.command" value="C:\Windows\TEMP\surefire5305939662237984646\surefirebooter3785909009249340316.jar C:\Windows\Temp\surefire5305939662237984646 2018-11-21T14-34-34_726-jvmRun1 surefire187261158925564963tmp surefire_06624904611176626203tmp"/>
    <property name="surefire.test.class.path" value="E:\GitHub\quaratineTests\target\test-classes;E:\GitHub\quaratineTests\target\classes;C:\Windows\system32\config\systemprofile\.m2\repository\junit\junit\4.12\junit-4.12.jar;C:\Windows\system32\config\systemprofile\.m2\repository\org\hamcrest\hamcrest-core\1.3\hamcrest-core-1.3.jar;"/>
    <property name="sun.cpu.endian" value="little"/>
    <property name="user.home" value="C:\Windows\system32\config\systemprofile"/>
    <property name="user.language" value="en"/>
    <property name="java.specification.vendor" value="Oracle Corporation"/>
    <property name="java.home" value="C:\JavaTools\jdk1.8.0_92_64bit\jre"/>
    <property name="basedir" value="E:\GitHub\quaratineTests"/>            
    <property name="file.separator" value="\"/>
    <property name="line.separator" value="&#10;"/>
    <property name="java.vm.specification.vendor" value="Oracle Corporation"/>
    <property name="java.specification.name" value="Java Platform API Specification"/>
    <property name="java.awt.graphicsenv" value="sun.awt.Win32GraphicsEnvironment"/>
    <property name="surefire.real.class.path" value="C:\Windows\TEMP\surefire5305939662237984646\surefirebooter3785909009249340316.jar"/>
    <property name="sun.boot.class.path" value="C:\JavaTools\jdk1.8.0_92_64bit\jre\lib\resources.jar;C:\JavaTools\jdk1.8.0_92_64bit\jre\lib\rt.jar;C:\JavaTools\jdk1.8.0_92_64bit\jre\lib\sunrsasign.jar;C:\JavaTools\jdk1.8.0_92_64bit\jre\lib\jsse.jar;C:\JavaTools\jdk1.8.0_92_64bit\jre\lib\jce.jar;C:\JavaTools\jdk1.8.0_92_64bit\jre\lib\charsets.jar;C:\JavaTools\jdk1.8.0_92_64bit\jre\lib\jfr.jar;C:\JavaTools\jdk1.8.0_92_64bit\jre\classes"/>
    <property name="user.script" value=""/>
    <property name="sun.management.compiler" value="HotSpot 64-Bit Tiered Compilers"/>
    <property name="java.runtime.version" value="1.8.0_92-b14"/>
    <property name="user.name" value="DT-LOANER$"/>
    <property name="path.separator" value=";"/>
    <property name="os.version" value="10.0"/>
    <property name="java.endorsed.dirs" value="C:\JavaTools\jdk1.8.0_92_64bit\jre\lib\endorsed"/>
    <property name="java.runtime.name" value="Java(TM) SE Runtime Environment"/>
    <property name="file.encoding" value="Cp1252"/>
    <property name="java.vm.name" value="Java HotSpot(TM) 64-Bit Server VM"/>
    <property name="localRepository" value="C:\Windows\system32\config\systemprofile\.m2\repository"/>
    <property name="java.vendor.url.bug" value="http://bugreport.sun.com/bugreport/"/>
    <property name="java.io.tmpdir" value="C:\Windows\TEMP\"/>
    <property name="java.version" value="1.8.0_92"/>
    <property name="user.dir" value="E:\GitHub\quaratineTests"/>
    <property name="os.arch" value="amd64"/>
    <property name="java.vm.specification.name" value="Java Virtual Machine Specification"/>
    <property name="java.awt.printerjob" value="sun.awt.windows.WPrinterJob"/>
    <property name="sun.os.patch.level" value=""/>
    <property name="java.library.path" value="C:\JavaTools\jdk1.8.0_92_64bit\jre\bin;C:\Windows\Sun\Java\bin;C:\Windows\system32;C:\Windows;C:\JavaTools\apache-maven\/bin;C:\JavaTools\jdk1.8.0_92_64bit\/bin;C:\JavaTools\jdk1.8.0_92_64bit\/bin;C:\JavaTools\jdk1.8.0_92_64bit\bin;C:/RubyTools/Ruby21-x64/lib/ruby/gems/2.1.0/bin;C:\Users\dan.mincu\bin;C:\Program Files\Git\mingw64\bin;C:\Program Files\Git\usr\local\bin;C:\Program Files\Git\usr\bin;C:\RubyTools\Ruby21-x64\bin;C:\Program Files (x86)\Common Files\Oracle\Java\javapath;C:\Windows\system32;C:\Windows;C:\Windows\System32\Wbem;C:\Windows\System32\WindowsPowerShell\v1.0;C:\Windows\System32\OpenSSH;C:\Program Files\Git\cmd;C:\Program Files\dotnet;C:\Program Files\Microsoft SQL Server\130\Tools\Binn;C:\Users\dan.mincu\AppData\Local\Microsoft\WindowsApps;C:\Program Files\Git\usr\bin\vendor_perl;C:\Program Files\Git\usr\bin\core_perl;C:\JavaTools\apache-ant-1.9.7\bin;C:\JavaTools\apache-maven\bin;C:\Program Files\Puppet Labs\Puppet\bin;C:\Program Files (x86)\Yarn\bin\;C:\Program Files\nodejs\;C:\Program Files\dotnet\;C:\HashiCorp\Vagrant\bin;C:\Users\dan.mincu\.dotnet\tools;."/>
    <property name="java.vm.info" value="mixed mode"/>
    <property name="java.vendor" value="Oracle Corporation"/>
    <property name="java.vm.version" value="25.92-b14"/>
    <property name="java.ext.dirs" value="C:\JavaTools\jdk1.8.0_92_64bit\jre\lib\ext;C:\Windows\Sun\Java\lib\ext"/>
    <property name="sun.io.unicode.encoding" value="UnicodeLittle"/>
    <property name="java.class.version" value="52.0"/>
  </properties>
  <testcase name="testFooMethod" classname="FooServiceTests" time="0.005"/>
  <testcase name="testFooFooMethod" classname="FooServiceTests" time="0.008"/>
</testsuite>